<?xml version="1.0" encoding="UTF-8"?>
<testng-results ignored="0" total="11" passed="10" failed="1" skipped="0">
  <reporter-output>
  </reporter-output>
  <suite started-at="2023-10-03T18:12:18 IST" name="Default suite" finished-at="2023-10-03T18:12:42 IST" duration-ms="24549">
    <groups>
    </groups>
    <test started-at="2023-10-03T18:12:18 IST" name="Default test" finished-at="2023-10-03T18:12:42 IST" duration-ms="24549">
      <class name="com.opencart.tests.LaptopAndNotebookTest">
        <test-method is-config="true" signature="setUp()[pri:0, instance:com.opencart.tests.LaptopAndNotebookTest@1ed4ae0f]" started-at="2023-10-03T18:12:18 IST" name="setUp" finished-at="2023-10-03T18:12:31 IST" duration-ms="13413" status="PASS">
          <reporter-output>
          </reporter-output>
        </test-method> <!-- setUp -->
        <test-method signature="testDesktopDropdown()[pri:1, instance:com.opencart.tests.LaptopAndNotebookTest@1ed4ae0f]" started-at="2023-10-03T18:12:31 IST" name="testDesktopDropdown" finished-at="2023-10-03T18:12:36 IST" duration-ms="5228" status="PASS">
          <reporter-output>
          </reporter-output>
        </test-method> <!-- testDesktopDropdown -->
        <test-method signature="testLaptopAndNotebookPage()[pri:2, instance:com.opencart.tests.LaptopAndNotebookTest@1ed4ae0f]" started-at="2023-10-03T18:12:36 IST" name="testLaptopAndNotebookPage" finished-at="2023-10-03T18:12:37 IST" duration-ms="35" status="PASS">
          <reporter-output>
          </reporter-output>
        </test-method> <!-- testLaptopAndNotebookPage -->
        <test-method signature="testListViewSelection()[pri:3, instance:com.opencart.tests.LaptopAndNotebookTest@1ed4ae0f]" started-at="2023-10-03T18:12:37 IST" name="testListViewSelection" finished-at="2023-10-03T18:12:37 IST" duration-ms="225" status="FAIL">
          <exception class="java.lang.AssertionError">
            <message>
              <![CDATA[expected [true] but found [false]]]>
            </message>
            <full-stacktrace>
              <![CDATA[java.lang.AssertionError: expected [true] but found [false]
at org.testng.Assert.fail(Assert.java:110)
at org.testng.Assert.failNotEquals(Assert.java:1577)
at org.testng.Assert.assertTrue(Assert.java:56)
at org.testng.Assert.assertTrue(Assert.java:66)
at com.opencart.tests.LaptopAndNotebookTest.testListViewSelection(LaptopAndNotebookTest.java:53)
at java.base/jdk.internal.reflect.NativeMethodAccessorImpl.invoke0(Native Method)
at java.base/jdk.internal.reflect.NativeMethodAccessorImpl.invoke(NativeMethodAccessorImpl.java:77)
at java.base/jdk.internal.reflect.DelegatingMethodAccessorImpl.invoke(DelegatingMethodAccessorImpl.java:43)
at java.base/java.lang.reflect.Method.invoke(Method.java:568)
at org.testng.internal.invokers.MethodInvocationHelper.invokeMethod(MethodInvocationHelper.java:139)
at org.testng.internal.invokers.TestInvoker.invokeMethod(TestInvoker.java:677)
at org.testng.internal.invokers.TestInvoker.invokeTestMethod(TestInvoker.java:221)
at org.testng.internal.invokers.MethodRunner.runInSequence(MethodRunner.java:50)
at org.testng.internal.invokers.TestInvoker$MethodInvocationAgent.invoke(TestInvoker.java:969)
at org.testng.internal.invokers.TestInvoker.invokeTestMethods(TestInvoker.java:194)
at org.testng.internal.invokers.TestMethodWorker.invokeTestMethods(TestMethodWorker.java:148)
at org.testng.internal.invokers.TestMethodWorker.run(TestMethodWorker.java:128)
at java.base/java.util.ArrayList.forEach(ArrayList.java:1511)
at org.testng.TestRunner.privateRun(TestRunner.java:829)
at org.testng.TestRunner.run(TestRunner.java:602)
at org.testng.SuiteRunner.runTest(SuiteRunner.java:437)
at org.testng.SuiteRunner.runSequentially(SuiteRunner.java:431)
at org.testng.SuiteRunner.privateRun(SuiteRunner.java:391)
at org.testng.SuiteRunner.run(SuiteRunner.java:330)
at org.testng.SuiteRunnerWorker.runSuite(SuiteRunnerWorker.java:52)
at org.testng.SuiteRunnerWorker.run(SuiteRunnerWorker.java:95)
at org.testng.TestNG.runSuitesSequentially(TestNG.java:1256)
at org.testng.TestNG.runSuitesLocally(TestNG.java:1176)
at org.testng.TestNG.runSuites(TestNG.java:1099)
at org.testng.TestNG.run(TestNG.java:1067)
at org.testng.remote.AbstractRemoteTestNG.run(AbstractRemoteTestNG.java:115)
at org.testng.remote.RemoteTestNG.initAndRun(RemoteTestNG.java:251)
at org.testng.remote.RemoteTestNG.main(RemoteTestNG.java:77)
]]>
            </full-stacktrace>
          </exception> <!-- java.lang.AssertionError -->
          <reporter-output>
          </reporter-output>
        </test-method> <!-- testListViewSelection -->
        <test-method signature="testGridView()[pri:4, instance:com.opencart.tests.LaptopAndNotebookTest@1ed4ae0f]" started-at="2023-10-03T18:12:37 IST" name="testGridView" finished-at="2023-10-03T18:12:37 IST" duration-ms="59" status="PASS">
          <reporter-output>
          </reporter-output>
        </test-method> <!-- testGridView -->
        <test-method signature="testMacBookPro()[pri:5, instance:com.opencart.tests.LaptopAndNotebookTest@1ed4ae0f]" started-at="2023-10-03T18:12:37 IST" name="testMacBookPro" finished-at="2023-10-03T18:12:41 IST" duration-ms="4073" status="PASS">
          <reporter-output>
          </reporter-output>
        </test-method> <!-- testMacBookPro -->
        <test-method signature="testMacBookProImage()[pri:6, instance:com.opencart.tests.LaptopAndNotebookTest@1ed4ae0f]" started-at="2023-10-03T18:12:41 IST" name="testMacBookProImage" finished-at="2023-10-03T18:12:41 IST" duration-ms="112" status="PASS">
          <reporter-output>
          </reporter-output>
        </test-method> <!-- testMacBookProImage -->
        <test-method signature="testNextButton()[pri:7, instance:com.opencart.tests.LaptopAndNotebookTest@1ed4ae0f]" started-at="2023-10-03T18:12:41 IST" name="testNextButton" finished-at="2023-10-03T18:12:41 IST" duration-ms="61" status="PASS">
          <reporter-output>
          </reporter-output>
        </test-method> <!-- testNextButton -->
        <test-method signature="testCloseButton()[pri:8, instance:com.opencart.tests.LaptopAndNotebookTest@1ed4ae0f]" started-at="2023-10-03T18:12:41 IST" name="testCloseButton" finished-at="2023-10-03T18:12:42 IST" duration-ms="919" status="PASS">
          <reporter-output>
          </reporter-output>
        </test-method> <!-- testCloseButton -->
        <test-method signature="testQuantity()[pri:9, instance:com.opencart.tests.LaptopAndNotebookTest@1ed4ae0f]" started-at="2023-10-03T18:12:42 IST" name="testQuantity" finished-at="2023-10-03T18:12:42 IST" duration-ms="168" status="PASS">
          <reporter-output>
          </reporter-output>
        </test-method> <!-- testQuantity -->
        <test-method signature="testAddToCart()[pri:10, instance:com.opencart.tests.LaptopAndNotebookTest@1ed4ae0f]" started-at="2023-10-03T18:12:42 IST" name="testAddToCart" finished-at="2023-10-03T18:12:42 IST" duration-ms="75" status="PASS">
          <reporter-output>
          </reporter-output>
        </test-method> <!-- testAddToCart -->
        <test-method signature="testViewCart()[pri:11, instance:com.opencart.tests.LaptopAndNotebookTest@1ed4ae0f]" started-at="2023-10-03T18:12:42 IST" name="testViewCart" finished-at="2023-10-03T18:12:42 IST" duration-ms="73" status="PASS">
          <reporter-output>
          </reporter-output>
        </test-method> <!-- testViewCart -->
      </class> <!-- com.opencart.tests.LaptopAndNotebookTest -->
    </test> <!-- Default test -->
  </suite> <!-- Default suite -->
</testng-results>
