<?xml version="1.0" encoding="UTF-8"?>
<!-- Generated by org.testng.reporters.JUnitXMLReporter -->
<testsuite ignored="0" hostname="LAPTOP-POCHI3TQ" failures="1" tests="3" name="Open cart Test" time="29.376" errors="0" timestamp="2023-09-29T18:27:46 IST">
  <testcase classname="com.opencart.tests.LoginTest_DDT" name="testLoginDetails" time="1.524"/>
  <testcase classname="com.opencart.tests.LoginTest_DDT" name="testLoginDetails" time="1.667"/>
  <testcase classname="com.opencart.tests.LoginTest_DDT" name="testLoginDetails" time="1.148">
    <failure type="java.lang.IllegalArgumentException" message="Keys to send should be a not null CharSequence">
      <![CDATA[java.lang.IllegalArgumentException: Keys to send should be a not null CharSequence
at org.openqa.selenium.remote.RemoteWebElement.sendKeys(RemoteWebElement.java:98)
at org.openqa.selenium.support.pagefactory.internal.LocatingElementHandler.invoke(LocatingElementHandler.java:52)
at jdk.proxy2/jdk.proxy2.$Proxy18.sendKeys(Unknown Source)
at com.opencart.pages.LoginPage.enterEmail(LoginPage.java:49)
at com.opencart.tests.LoginTest_DDT.testLoginDetails(LoginTest_DDT.java:42)
at java.base/java.util.ArrayList.forEach(ArrayList.java:1511)
... Removed 31 stack frames]]>
    </failure>
  </testcase> <!-- testLoginDetails -->
</testsuite> <!-- Open cart Test -->
